-------------------------------------------------------------------------------
Test set: TestSelenium
-------------------------------------------------------------------------------
Tests run: 1, Failures: 0, Errors: 1, Skipped: 0, Time elapsed: 49.931 sec <<< FAILURE!
startPageTest(TestSelenium)  Time elapsed: 49.785 sec  <<< ERROR!
org.openqa.selenium.WebDriverException: Failed to connect to binary FirefoxBinary(C:\Program Files (x86)\Mozilla Firefox\firefox.exe) on port 7055; process output follows: 
6837\\AppData\\Local\\Temp\\anonymous116251796915484173webdriver-profile\\extensions\\fxdriver@googlecode.com","mtime":1417600508845,"rdfTime":1417600508808}}}]
1417600509410	addons.xpi-utils	DEBUG	Opening XPI database C:\Users\dari6837\AppData\Local\Temp\anonymous116251796915484173webdriver-profile\extensions.json
1417600509411	addons.xpi	DEBUG	New add-on fxdriver@googlecode.com installed in app-profile
*** Blocklist::_loadBlocklistFromFile: blocklist is disabled
1417600509603	addons.xpi-utils	DEBUG	Make addon app-profile:fxdriver@googlecode.com visible
1417600509606	DeferredSave.extensions.json	DEBUG	Save changes
1417600509606	DeferredSave.extensions.json	DEBUG	Save changes
1417600509607	addons.xpi	DEBUG	New add-on {972ce4c6-7e08-4474-a285-3208198ce6fd} installed in app-global
1417600509611	addons.xpi-utils	DEBUG	Make addon app-global:{972ce4c6-7e08-4474-a285-3208198ce6fd} visible
1417600509611	DeferredSave.extensions.json	DEBUG	Save changes
1417600509612	DeferredSave.extensions.json	DEBUG	Save changes
1417600509625	addons.xpi	DEBUG	Updating database with changes to installed add-ons
1417600509625	addons.xpi-utils	DEBUG	Updating add-on states
1417600509626	addons.xpi-utils	DEBUG	Writing add-ons list
1417600509632	addons.manager	DEBUG	Registering shutdown blocker for XPIProvider
1417600509632	addons.manager	DEBUG	Registering shutdown blocker for LightweightThemeManager
1417600509634	addons.manager	DEBUG	Registering shutdown blocker for OpenH264Provider
1417600509634	addons.manager	DEBUG	Registering shutdown blocker for PluginProvider
1417600510547	DeferredSave.extensions.json	DEBUG	Starting timer
1417600510574	DeferredSave.extensions.json	DEBUG	Starting write
1417600510579	addons.manager	DEBUG	shutdown
1417600510580	addons.manager	DEBUG	Calling shutdown blocker for XPIProvider
1417600510580	addons.xpi	DEBUG	shutdown
1417600510580	addons.xpi-utils	DEBUG	shutdown
1417600510580	addons.manager	DEBUG	Calling shutdown blocker for LightweightThemeManager
1417600510581	addons.manager	DEBUG	Calling shutdown blocker for OpenH264Provider
1417600510581	addons.manager	DEBUG	Calling shutdown blocker for PluginProvider
1417600510816	DeferredSave.extensions.json	DEBUG	Write succeeded
1417600510816	addons.xpi-utils	DEBUG	XPI Database saved, setting schema version preference to 16
1417600510816	addons.xpi	DEBUG	Notifying XPI shutdown observers
1417600510823	addons.manager	DEBUG	Async provider shutdown done
1417600511575	addons.manager	DEBUG	Loaded provider scope for resource://gre/modules/addons/XPIProvider.jsm: ["XPIProvider"]
1417600511577	addons.manager	DEBUG	Loaded provider scope for resource://gre/modules/LightweightThemeManager.jsm: ["LightweightThemeManager"]
1417600511579	addons.xpi	DEBUG	startup
1417600511580	addons.xpi	DEBUG	Skipping unavailable install location app-system-local
1417600511580	addons.xpi	DEBUG	Skipping unavailable install location app-system-share
1417600511581	addons.xpi	INFO	Mapping {972ce4c6-7e08-4474-a285-3208198ce6fd} to C:\Program Files (x86)\Mozilla Firefox\browser\extensions\{972ce4c6-7e08-4474-a285-3208198ce6fd}
1417600511581	addons.xpi	INFO	Mapping fxdriver@googlecode.com to C:\Users\dari6837\AppData\Local\Temp\anonymous116251796915484173webdriver-profile\extensions\fxdriver@googlecode.com
1417600511582	addons.xpi	DEBUG	Ignoring file entry whose name is not a valid add-on ID: C:\Users\dari6837\AppData\Local\Temp\anonymous116251796915484173webdriver-profile\extensions\webdriver-staging
1417600511582	addons.xpi	DEBUG	checkForChanges
1417600511589	addons.xpi	DEBUG	No changes found
1417600511592	addons.manager	DEBUG	Registering shutdown blocker for XPIProvider
1417600511592	addons.manager	DEBUG	Registering shutdown blocker for LightweightThemeManager
1417600511593	addons.manager	DEBUG	Registering shutdown blocker for OpenH264Provider
1417600511594	addons.manager	DEBUG	Registering shutdown blocker for PluginProvider
*** Blocklist::_preloadBlocklistFile: blocklist is disabled
1417600512871	addons.manager	DEBUG	Registering shutdown blocker for <unnamed-provider>

Build info: version: '2.42.2', revision: '6a6995d31c7c56c340d6f45a76976d43506cd6cc', time: '2014-06-03 10:52:47'
System info: host: 'a126-17win', ip: '193.175.183.67', os.name: 'Windows 7', os.arch: 'amd64', os.version: '6.1', java.version: '1.8.0_20'
Driver info: driver.version: FirefoxDriver
	at org.openqa.selenium.firefox.internal.NewProfileExtensionConnection.start(NewProfileExtensionConnection.java:130)
	at org.openqa.selenium.firefox.FirefoxDriver.startClient(FirefoxDriver.java:246)
	at org.openqa.selenium.remote.RemoteWebDriver.<init>(RemoteWebDriver.java:114)
	at org.openqa.selenium.firefox.FirefoxDriver.<init>(FirefoxDriver.java:191)
	at org.openqa.selenium.firefox.FirefoxDriver.<init>(FirefoxDriver.java:186)
	at org.openqa.selenium.firefox.FirefoxDriver.<init>(FirefoxDriver.java:182)
	at org.openqa.selenium.firefox.FirefoxDriver.<init>(FirefoxDriver.java:95)
	at TestSelenium.init(TestSelenium.java:22)
	at sun.reflect.NativeMethodAccessorImpl.invoke0(Native Method)
	at sun.reflect.NativeMethodAccessorImpl.invoke(NativeMethodAccessorImpl.java:62)
	at sun.reflect.DelegatingMethodAccessorImpl.invoke(DelegatingMethodAccessorImpl.java:43)
	at java.lang.reflect.Method.invoke(Method.java:483)
	at org.junit.runners.model.FrameworkMethod$1.runReflectiveCall(FrameworkMethod.java:47)
	at org.junit.internal.runners.model.ReflectiveCallable.run(ReflectiveCallable.java:12)
	at org.junit.runners.model.FrameworkMethod.invokeExplosively(FrameworkMethod.java:44)
	at org.junit.internal.runners.statements.RunBefores.evaluate(RunBefores.java:24)
	at org.junit.runners.ParentRunner.runLeaf(ParentRunner.java:271)
	at org.junit.runners.BlockJUnit4ClassRunner.runChild(BlockJUnit4ClassRunner.java:70)
	at org.junit.runners.BlockJUnit4ClassRunner.runChild(BlockJUnit4ClassRunner.java:50)
	at org.junit.runners.ParentRunner$3.run(ParentRunner.java:238)
	at org.junit.runners.ParentRunner$1.schedule(ParentRunner.java:63)
	at org.junit.runners.ParentRunner.runChildren(ParentRunner.java:236)
	at org.junit.runners.ParentRunner.access$000(ParentRunner.java:53)
	at org.junit.runners.ParentRunner$2.evaluate(ParentRunner.java:229)
	at org.junit.runners.ParentRunner.run(ParentRunner.java:309)
	at org.apache.maven.surefire.junit4.JUnit4TestSet.execute(JUnit4TestSet.java:53)
	at org.apache.maven.surefire.junit4.JUnit4Provider.executeTestSet(JUnit4Provider.java:123)
	at org.apache.maven.surefire.junit4.JUnit4Provider.invoke(JUnit4Provider.java:104)
	at sun.reflect.NativeMethodAccessorImpl.invoke0(Native Method)
	at sun.reflect.NativeMethodAccessorImpl.invoke(NativeMethodAccessorImpl.java:62)
	at sun.reflect.DelegatingMethodAccessorImpl.invoke(DelegatingMethodAccessorImpl.java:43)
	at java.lang.reflect.Method.invoke(Method.java:483)
	at org.apache.maven.surefire.util.ReflectionUtils.invokeMethodWithArray(ReflectionUtils.java:164)
	at org.apache.maven.surefire.booter.ProviderFactory$ProviderProxy.invoke(ProviderFactory.java:110)
	at org.apache.maven.surefire.booter.SurefireStarter.invokeProvider(SurefireStarter.java:175)
	at org.apache.maven.surefire.booter.SurefireStarter.runSuitesInProcessWhenForked(SurefireStarter.java:107)
	at org.apache.maven.surefire.booter.ForkedBooter.main(ForkedBooter.java:68)
Caused by: org.openqa.selenium.firefox.NotConnectedException: Unable to connect to host 127.0.0.1 on port 7055 after 45000 ms. Firefox console output:
6837\\AppData\\Local\\Temp\\anonymous116251796915484173webdriver-profile\\extensions\\fxdriver@googlecode.com","mtime":1417600508845,"rdfTime":1417600508808}}}]
1417600509410	addons.xpi-utils	DEBUG	Opening XPI database C:\Users\dari6837\AppData\Local\Temp\anonymous116251796915484173webdriver-profile\extensions.json
1417600509411	addons.xpi	DEBUG	New add-on fxdriver@googlecode.com installed in app-profile
*** Blocklist::_loadBlocklistFromFile: blocklist is disabled
1417600509603	addons.xpi-utils	DEBUG	Make addon app-profile:fxdriver@googlecode.com visible
1417600509606	DeferredSave.extensions.json	DEBUG	Save changes
1417600509606	DeferredSave.extensions.json	DEBUG	Save changes
1417600509607	addons.xpi	DEBUG	New add-on {972ce4c6-7e08-4474-a285-3208198ce6fd} installed in app-global
1417600509611	addons.xpi-utils	DEBUG	Make addon app-global:{972ce4c6-7e08-4474-a285-3208198ce6fd} visible
1417600509611	DeferredSave.extensions.json	DEBUG	Save changes
1417600509612	DeferredSave.extensions.json	DEBUG	Save changes
1417600509625	addons.xpi	DEBUG	Updating database with changes to installed add-ons
1417600509625	addons.xpi-utils	DEBUG	Updating add-on states
1417600509626	addons.xpi-utils	DEBUG	Writing add-ons list
1417600509632	addons.manager	DEBUG	Registering shutdown blocker for XPIProvider
1417600509632	addons.manager	DEBUG	Registering shutdown blocker for LightweightThemeManager
1417600509634	addons.manager	DEBUG	Registering shutdown blocker for OpenH264Provider
1417600509634	addons.manager	DEBUG	Registering shutdown blocker for PluginProvider
1417600510547	DeferredSave.extensions.json	DEBUG	Starting timer
1417600510574	DeferredSave.extensions.json	DEBUG	Starting write
1417600510579	addons.manager	DEBUG	shutdown
1417600510580	addons.manager	DEBUG	Calling shutdown blocker for XPIProvider
1417600510580	addons.xpi	DEBUG	shutdown
1417600510580	addons.xpi-utils	DEBUG	shutdown
1417600510580	addons.manager	DEBUG	Calling shutdown blocker for LightweightThemeManager
1417600510581	addons.manager	DEBUG	Calling shutdown blocker for OpenH264Provider
1417600510581	addons.manager	DEBUG	Calling shutdown blocker for PluginProvider
1417600510816	DeferredSave.extensions.json	DEBUG	Write succeeded
1417600510816	addons.xpi-utils	DEBUG	XPI Database saved, setting schema version preference to 16
1417600510816	addons.xpi	DEBUG	Notifying XPI shutdown observers
1417600510823	addons.manager	DEBUG	Async provider shutdown done
1417600511575	addons.manager	DEBUG	Loaded provider scope for resource://gre/modules/addons/XPIProvider.jsm: ["XPIProvider"]
1417600511577	addons.manager	DEBUG	Loaded provider scope for resource://gre/modules/LightweightThemeManager.jsm: ["LightweightThemeManager"]
1417600511579	addons.xpi	DEBUG	startup
1417600511580	addons.xpi	DEBUG	Skipping unavailable install location app-system-local
1417600511580	addons.xpi	DEBUG	Skipping unavailable install location app-system-share
1417600511581	addons.xpi	INFO	Mapping {972ce4c6-7e08-4474-a285-3208198ce6fd} to C:\Program Files (x86)\Mozilla Firefox\browser\extensions\{972ce4c6-7e08-4474-a285-3208198ce6fd}
1417600511581	addons.xpi	INFO	Mapping fxdriver@googlecode.com to C:\Users\dari6837\AppData\Local\Temp\anonymous116251796915484173webdriver-profile\extensions\fxdriver@googlecode.com
1417600511582	addons.xpi	DEBUG	Ignoring file entry whose name is not a valid add-on ID: C:\Users\dari6837\AppData\Local\Temp\anonymous116251796915484173webdriver-profile\extensions\webdriver-staging
1417600511582	addons.xpi	DEBUG	checkForChanges
1417600511589	addons.xpi	DEBUG	No changes found
1417600511592	addons.manager	DEBUG	Registering shutdown blocker for XPIProvider
1417600511592	addons.manager	DEBUG	Registering shutdown blocker for LightweightThemeManager
1417600511593	addons.manager	DEBUG	Registering shutdown blocker for OpenH264Provider
1417600511594	addons.manager	DEBUG	Registering shutdown blocker for PluginProvider
*** Blocklist::_preloadBlocklistFile: blocklist is disabled
1417600512871	addons.manager	DEBUG	Registering shutdown blocker for <unnamed-provider>

	at org.openqa.selenium.firefox.internal.NewProfileExtensionConnection.start(NewProfileExtensionConnection.java:118)
	... 36 more
